Reading insight.ts...
Found 766 entries.
No checkpoint found. Starting fresh.
[2/766] aaron → date: 1597bce-1474bce source: https://www.jw.org/en/library/books/Insight-on-the-Scriptures/Aaron/
[4/766] abihu → date: 1512bce source: https://www.jw.org/en/library/books/Insight-on-the-Scriptures/Abihu/
[5/766] REMOVED: abishag — no dates found on page
[7/766] absalom → date: 1070bce source: https://www.jw.org/en/library/books/Insight-on-the-Scriptures/Absalom/
[8/766] REMOVED: abusive-speech — no dates found on page
[9/766] REMOVED: abyss — no dates found on page
[10/766] REMOVED: accident — 404 — page not found
[11/766] REMOVED: accusation — no dates found on page
[12/766] acts-of-apostles → date: c.33ce-61ce source: https://www.jw.org/en/library/books/Insight-on-the-Scriptures/Acts-Of-Apostles/
[13/766] adam → date: 4026bce-3096bce source: https://www.jw.org/en/library/books/Insight-on-the-Scriptures/Adam/
[14/766] administration → date: 33ce source: https://www.jw.org/en/library/books/Insight-on-the-Scriptures/Administration/
[15/766] adonijah → date: 537bce source: https://www.jw.org/en/library/books/Insight-on-the-Scriptures/Adonijah/
[16/766] REMOVED: adoption — no dates found on page
[17/766] REMOVED: adornment — no dates found on page
[18/766] REMOVED: adultery — no dates found on page
[19/766] REMOVED: affection — no dates found on page
[20/766] agabus → date: 54ce-c.56ce source: https://www.jw.org/en/library/books/Insight-on-the-Scriptures/Agabus/
[21/766] REMOVED: age — no dates found on page
[22/766] REMOVED: agriculture — no dates found on page
[23/766] ahab → date: c.940bce source: https://www.jw.org/en/library/books/Insight-on-the-Scriptures/Ahab/
[24/766] REMOVED: ahaz — no dates found on page
[25/766] REMOVED: alcoholic-beverages — 404 — page not found
[26/766] REMOVED: alexander-the-great — 404 — page not found
[27/766] alien-resident → date: 36ce source: https://www.jw.org/en/library/books/Insight-on-the-Scriptures/Alien-Resident/
[28/766] altar → date: 168bce source: https://www.jw.org/en/library/books/Insight-on-the-Scriptures/Altar/
[29/766] REMOVED: ambassador — no dates found on page
[30/766] ammonites → date: 911bce-537bce source: https://www.jw.org/en/library/books/Insight-on-the-Scriptures/Ammonites/
[31/766] amos → date: c.804bce source: https://www.jw.org/en/library/books/Insight-on-the-Scriptures/Amos/
[32/766] REMOVED: amusements — no dates found on page
[33/766] REMOVED: ancient-of-days — no dates found on page
[34/766] REMOVED: angel — no dates found on page
[35/766] REMOVED: anger — no dates found on page
[36/766] REMOVED: animals — no dates found on page
[37/766] REMOVED: anointed-anointing — no dates found on page
[38/766] REMOVED: anointed-christians — 404 — page not found
[39/766] antichrist → date: 98ce-213ce source: https://www.jw.org/en/library/books/Insight-on-the-Scriptures/Antichrist/
[40/766] antonia-tower-of → date: 70ce source: https://www.jw.org/en/library/books/Insight-on-the-Scriptures/Antonia-Tower-Of/
[41/766] REMOVED: anxiety — no dates found on page
[42/766] apocrypha → date: c.280bce-70ce source: https://www.jw.org/en/library/books/Insight-on-the-Scriptures/Apocrypha/
[43/766] REMOVED: apostasy — no dates found on page
[44/766] apostle → date: c.34ce-c.100ce source: https://www.jw.org/en/library/books/Insight-on-the-Scriptures/Apostle/
[45/766] REMOVED: appointment — 404 — page not found
[46/766] REMOVED: approach-to-god — no dates found on page
[47/766] REMOVED: arabah — no dates found on page
[48/766] arabia → date: 539bce-272ce source: https://www.jw.org/en/library/books/Insight-on-the-Scriptures/Arabia/
[49/766] aram → date: 1078bce source: https://www.jw.org/en/library/books/Insight-on-the-Scriptures/Aram/
[50/766] aramaic → date: c.500ce-33ce source: https://www.jw.org/en/library/books/Insight-on-the-Scriptures/Aramaic/
[51/766] archaeology → date: 617bce-52ce source: https://www.jw.org/en/library/books/Insight-on-the-Scriptures/Archaeology/
Checkpoint: 50 entries done.
[52/766] REMOVED: archangel — no dates found on page
[53/766] architecture → date: 1473bce-607bce source: https://www.jw.org/en/library/books/Insight-on-the-Scriptures/Architecture/
[54/766] REMOVED: areopagus — no dates found on page
[55/766] ark-of-the-covenant → date: 1467bce-642bce source: https://www.jw.org/en/library/books/Insight-on-the-Scriptures/Ark-Of-The-Covenant/
[56/766] REMOVED: armageddon — no dates found on page
[57/766] REMOVED: arms-armor — no dates found on page
[58/766] army → date: 70ce-180ce source: https://www.jw.org/en/library/books/Insight-on-the-Scriptures/Army/
[59/766] REMOVED: artemis — no dates found on page
[60/766] REMOVED: ashtoreth — no dates found on page
[61/766] assembly → date: 165bce-33ce source: https://www.jw.org/en/library/books/Insight-on-the-Scriptures/Assembly/
[62/766] REMOVED: association — no dates found on page
[63/766] assyria → date: c.900bce-c.1473bce source: https://www.jw.org/en/library/books/Insight-on-the-Scriptures/Assyria/
[64/766] REMOVED: astrologers — no dates found on page
[65/766] athaliah → date: 899bce-468bce source: https://www.jw.org/en/library/books/Insight-on-the-Scriptures/Athaliah/
[66/766] athens → date: c.50ce-56ce source: https://www.jw.org/en/library/books/Insight-on-the-Scriptures/Athens/
[67/766] REMOVED: atonement — no dates found on page
[68/766] atonement-day → date: 70ce source: https://www.jw.org/en/library/books/Insight-on-the-Scriptures/Atonement-Day/
[69/766] REMOVED: attitudes-and-gestures — no dates found on page
[70/766] baal → date: 997bce-905bce source: https://www.jw.org/en/library/books/Insight-on-the-Scriptures/Baal/
[71/766] babel → date: 2030bce source: https://www.jw.org/en/library/books/Insight-on-the-Scriptures/Babel/
[72/766] babylon → date: c.645bce-916ce source: https://www.jw.org/en/library/books/Insight-on-the-Scriptures/Babylon/
[73/766] babylon-the-great → date: 539bce source: https://www.jw.org/en/library/books/Insight-on-the-Scriptures/Babylon-The-Great/
[74/766] REMOVED: bag — no dates found on page
[75/766] bake-baker → date: 607bce source: https://www.jw.org/en/library/books/Insight-on-the-Scriptures/Bake-Baker/
[76/766] REMOVED: balaam — no dates found on page
[77/766] baptism → date: 33ce source: https://www.jw.org/en/library/books/Insight-on-the-Scriptures/Baptism/
[78/766] REMOVED: barak — no dates found on page
[79/766] bashan → date: 1933bce-759bce source: https://www.jw.org/en/library/books/Insight-on-the-Scriptures/Bashan/
[80/766] REMOVED: beasts-symbolic — no dates found on page
[81/766] beating → date: 195bce source: https://www.jw.org/en/library/books/Insight-on-the-Scriptures/Beating/
[82/766] REMOVED: bee — no dates found on page
[83/766] belshazzar → date: 539bce source: https://www.jw.org/en/library/books/Insight-on-the-Scriptures/Belshazzar/
[84/766] REMOVED: benjamin — no dates found on page
[85/766] REMOVED: bestiality — no dates found on page
[86/766] REMOVED: bethlehem — no dates found on page
[87/766] beth-shean → date: 1467bce-993bce source: https://www.jw.org/en/library/books/Insight-on-the-Scriptures/Beth-Shean/
[88/766] bible → date: 1513bce-33ce source: https://www.jw.org/en/library/books/Insight-on-the-Scriptures/Bible/
[89/766] REMOVED: bible-authenticity — 404 — page not found
[90/766] REMOVED: bible-translations — 404 — page not found
[91/766] REMOVED: birds — no dates found on page
[92/766] REMOVED: birth — no dates found on page
[93/766] REMOVED: birthright — no dates found on page
[94/766] REMOVED: blamelessness — no dates found on page
[95/766] REMOVED: blessing — no dates found on page
[96/766] blood → date: 177ce-c.250ce source: https://www.jw.org/en/library/books/Insight-on-the-Scriptures/Blood/
[97/766] REMOVED: boasting — 404 — page not found
[98/766] REMOVED: body — no dates found on page
[99/766] REMOVED: bond — no dates found on page
[100/766] REMOVED: bones — no dates found on page
[101/766] book → date: c.96ce-1513bce source: https://www.jw.org/en/library/books/Insight-on-the-Scriptures/Book/
Checkpoint: 100 entries done.
[102/766] REMOVED: bosom-position — no dates found on page
[103/766] bread → date: 33ce source: https://www.jw.org/en/library/books/Insight-on-the-Scriptures/Bread/
[104/766] REMOVED: breast-bosom — no dates found on page
[105/766] REMOVED: breastpiece — no dates found on page
[106/766] builder-building → date: 515bce-30ce source: https://www.jw.org/en/library/books/Insight-on-the-Scriptures/Builder-Building/
[107/766] REMOVED: bull — no dates found on page
[108/766] burial-burial-places → date: 33ce-135ce source: https://www.jw.org/en/library/books/Insight-on-the-Scriptures/Burial-Burial-Places/
[109/766] caesar → date: 54ce-117ce source: https://www.jw.org/en/library/books/Insight-on-the-Scriptures/Caesar/
[110/766] caesarea → date: 36ce-70ce source: https://www.jw.org/en/library/books/Insight-on-the-Scriptures/Caesarea/
[111/766] REMOVED: cain — no dates found on page
[112/766] calendar → date: 359ce-582ce source: https://www.jw.org/en/library/books/Insight-on-the-Scriptures/Calendar/
[113/766] REMOVED: calf-worship — 404 — page not found
[114/766] camel → date: 537bce source: https://www.jw.org/en/library/books/Insight-on-the-Scriptures/Camel/
[115/766] REMOVED: cana — no dates found on page
[116/766] REMOVED: canaanites — 404 — page not found
[117/766] canon → date: 1513bce-165ce source: https://www.jw.org/en/library/books/Insight-on-the-Scriptures/Canon/
[118/766] capernaum → date: 30ce-32ce source: https://www.jw.org/en/library/books/Insight-on-the-Scriptures/Capernaum/
[119/766] REMOVED: carmel — no dates found on page
[120/766] REMOVED: census — no dates found on page
[121/766] REMOVED: chaldea-chaldean — 404 — page not found
[122/766] chariot → date: 1513bce source: https://www.jw.org/en/library/books/Insight-on-the-Scriptures/Chariot/
[123/766] REMOVED: charts — 404 — page not found
[124/766] REMOVED: chemosh — no dates found on page
[125/766] REMOVED: cherethites — no dates found on page
[126/766] REMOVED: child-children — no dates found on page
[127/766] REMOVED: childbearing — no dates found on page
[128/766] chorazin → date: 32ce source: https://www.jw.org/en/library/books/Insight-on-the-Scriptures/Chorazin/
[129/766] REMOVED: christ — no dates found on page
[130/766] christian → date: 44ce-180ce source: https://www.jw.org/en/library/books/Insight-on-the-Scriptures/Christian/
[131/766] REMOVED: christian-congregation — 404 — page not found
[132/766] REMOVED: christian-greek-scriptures — no dates found on page
[133/766] chronology → date: 987ce-537bce source: https://www.jw.org/en/library/books/Insight-on-the-Scriptures/Chronology/
[134/766] circumcision → date: 1919bce source: https://www.jw.org/en/library/books/Insight-on-the-Scriptures/Circumcision/
[135/766] REMOVED: citizen-citizenship — no dates found on page
[136/766] city → date: 2370bce source: https://www.jw.org/en/library/books/Insight-on-the-Scriptures/City/
[137/766] REMOVED: clay — no dates found on page
[138/766] REMOVED: clean-cleanness — no dates found on page
[139/766] cloth → date: 800bce source: https://www.jw.org/en/library/books/Insight-on-the-Scriptures/Cloth/
[140/766] REMOVED: clothing — no dates found on page
[141/766] REMOVED: cloud — no dates found on page
[142/766] REMOVED: cobra — no dates found on page
[143/766] REMOVED: colors — no dates found on page
[144/766] communication → date: 1513bce source: https://www.jw.org/en/library/books/Insight-on-the-Scriptures/Communication/
[145/766] REMOVED: compensation — no dates found on page
[146/766] REMOVED: complaining — 404 — page not found
[147/766] congregation → date: 33ce-36ce source: https://www.jw.org/en/library/books/Insight-on-the-Scriptures/Congregation/
[148/766] REMOVED: conscience — no dates found on page
[149/766] REMOVED: contention — 404 — page not found
[150/766] contribution → date: 468bce-33ce source: https://www.jw.org/en/library/books/Insight-on-the-Scriptures/Contribution/
[151/766] REMOVED: convention — no dates found on page
Checkpoint: 150 entries done.
[152/766] REMOVED: conversion — no dates found on page
[153/766] cooking-cooking-utensils → date: 607bce source: https://www.jw.org/en/library/books/Insight-on-the-Scriptures/Cooking-Cooking-Utensils/
[154/766] copyist → date: 468bce source: https://www.jw.org/en/library/books/Insight-on-the-Scriptures/Copyist/
[155/766] corinth → date: 196bce-56ce source: https://www.jw.org/en/library/books/Insight-on-the-Scriptures/Corinth/
[156/766] cornelius → date: 36ce source: https://www.jw.org/en/library/books/Insight-on-the-Scriptures/Cornelius/
[157/766] REMOVED: correction — 404 — page not found
[158/766] REMOVED: corruption — 404 — page not found
[159/766] REMOVED: counsel-counselor — no dates found on page
[160/766] REMOVED: courage — no dates found on page
[161/766] court-judicial → date: 70ce source: https://www.jw.org/en/library/books/Insight-on-the-Scriptures/Court-Judicial/
[162/766] covenant → date: 2369bce-33ce source: https://www.jw.org/en/library/books/Insight-on-the-Scriptures/Covenant/
[163/766] REMOVED: covetousness — no dates found on page
[164/766] REMOVED: creation — no dates found on page
[165/766] REMOVED: crime-and-punishment — no dates found on page
[166/766] REMOVED: curse — no dates found on page
[167/766] cush → date: 993bce-522bce source: https://www.jw.org/en/library/books/Insight-on-the-Scriptures/Cush/
[168/766] REMOVED: custody — no dates found on page
[169/766] REMOVED: cutting-off — no dates found on page
[170/766] cyrus → date: 559bce-530bce source: https://www.jw.org/en/library/books/Insight-on-the-Scriptures/Cyrus/
[171/766] damascus → date: 937bce-33ce source: https://www.jw.org/en/library/books/Insight-on-the-Scriptures/Damascus/
[172/766] daniel-book-of → date: c.536bce-537bce source: https://www.jw.org/en/library/books/Insight-on-the-Scriptures/Daniel-Book-Of/
[173/766] REMOVED: darius-the-mede — 404 — page not found
[174/766] david → date: 1077bce source: https://www.jw.org/en/library/books/Insight-on-the-Scriptures/David/
[175/766] david-city-of → date: c.135ce source: https://www.jw.org/en/library/books/Insight-on-the-Scriptures/David-City-Of/
[176/766] REMOVED: day — no dates found on page
[177/766] day-of-jehovah → date: 607bce-70ce source: https://www.jw.org/en/library/books/Insight-on-the-Scriptures/Day-Of-Jehovah/
[178/766] REMOVED: death — no dates found on page
[179/766] REMOVED: debt-debtor — no dates found on page
[180/766] REMOVED: declare-righteous — no dates found on page
[181/766] REMOVED: dedication — no dates found on page
[182/766] deluge → date: 2370bce source: https://www.jw.org/en/library/books/Insight-on-the-Scriptures/Deluge/
[183/766] REMOVED: demon — no dates found on page
[184/766] REMOVED: denarius — no dates found on page
[185/766] REMOVED: desire — 404 — page not found
[186/766] REMOVED: destruction — no dates found on page
[187/766] REMOVED: devoted-thing — no dates found on page
[188/766] REMOVED: devotion — no dates found on page
[189/766] REMOVED: dew — no dates found on page
[190/766] REMOVED: disciple — no dates found on page
[191/766] REMOVED: discipline — no dates found on page
[192/766] diseases-and-treatment → date: 607bce-29ce source: https://www.jw.org/en/library/books/Insight-on-the-Scriptures/Diseases-And-Treatment/
[193/766] REMOVED: disfellowshipping — no dates found on page
[194/766] REMOVED: district-of-the-jordan — no dates found on page
[195/766] REMOVED: divination — no dates found on page
[196/766] divorce → date: 607bce-537bce source: https://www.jw.org/en/library/books/Insight-on-the-Scriptures/Divorce/
[197/766] REMOVED: dragnet — no dates found on page
[198/766] REMOVED: dragon — no dates found on page
[199/766] REMOVED: dress — no dates found on page
[200/766] REMOVED: dyes-dyeing — no dates found on page
[201/766] REMOVED: earth — no dates found on page
Checkpoint: 200 entries done.
[202/766] ecclesiastes → date: 1000bce source: https://www.jw.org/en/library/books/Insight-on-the-Scriptures/Ecclesiastes/
[203/766] REMOVED: eden — no dates found on page
[204/766] education → date: 1512bce source: https://www.jw.org/en/library/books/Insight-on-the-Scriptures/Education/
[205/766] egypt-egyptian → date: 1657bce-70ce source: https://www.jw.org/en/library/books/Insight-on-the-Scriptures/Egypt-Egyptian/
[207/766] elisha → date: c.917bce-913bce source: https://www.jw.org/en/library/books/Insight-on-the-Scriptures/Elisha/
[208/766] REMOVED: emotions — 404 — page not found
[209/766] REMOVED: employment — 404 — page not found
[210/766] REMOVED: enclave-cities — no dates found on page
[211/766] REMOVED: endurance — no dates found on page
[212/766] REMOVED: enemy — no dates found on page
[213/766] engagement → date: 33ce source: https://www.jw.org/en/library/books/Insight-on-the-Scriptures/Engagement/
[214/766] REMOVED: entertainment — 404 — page not found
[215/766] REMOVED: envy — no dates found on page
[216/766] ephesus → date: 356bce-53ce source: https://www.jw.org/en/library/books/Insight-on-the-Scriptures/Ephesus/
[217/766] REMOVED: ephod — 404 — page not found
[218/766] esau → date: 1858bce source: https://www.jw.org/en/library/books/Insight-on-the-Scriptures/Esau/
[219/766] esther-book-of → date: 493bce-475bce source: https://www.jw.org/en/library/books/Insight-on-the-Scriptures/Esther-Book-Of/
[220/766] ethiopia → date: 246bce source: https://www.jw.org/en/library/books/Insight-on-the-Scriptures/Ethiopia/
[221/766] REMOVED: eunuch — no dates found on page
[222/766] REMOVED: evangelizer — no dates found on page
[223/766] REMOVED: eve — no dates found on page
[224/766] REMOVED: exclusive-devotion — no dates found on page
[225/766] REMOVED: execution-executioner — no dates found on page
[226/766] exile → date: c.759bce-70ce source: https://www.jw.org/en/library/books/Insight-on-the-Scriptures/Exile/
[227/766] exodus → date: 1933bce-1513bce source: https://www.jw.org/en/library/books/Insight-on-the-Scriptures/Exodus/
[228/766] REMOVED: expanse — no dates found on page
[229/766] REMOVED: expelling — no dates found on page
[230/766] REMOVED: eye — no dates found on page
[231/766] ezekiel → date: 617bce-c.591bce source: https://www.jw.org/en/library/books/Insight-on-the-Scriptures/Ezekiel/
[232/766] ezekiel-book-of → date: c.591bce source: https://www.jw.org/en/library/books/Insight-on-the-Scriptures/Ezekiel-Book-Of/
[233/766] REMOVED: ezekiels-temple — 404 — page not found
[234/766] ezion-geber → date: 998bce-c.911bce source: https://www.jw.org/en/library/books/Insight-on-the-Scriptures/Ezion-Geber/
[235/766] ezra → date: 537bce source: https://www.jw.org/en/library/books/Insight-on-the-Scriptures/Ezra/
[236/766] REMOVED: faith — no dates found on page
[237/766] REMOVED: family — no dates found on page
[238/766] famine → date: 607bce-70ce source: https://www.jw.org/en/library/books/Insight-on-the-Scriptures/Famine/
[239/766] REMOVED: father — no dates found on page
[240/766] REMOVED: fault-faultfinding — no dates found on page
[241/766] REMOVED: fear — no dates found on page
[242/766] REMOVED: festivals — 404 — page not found
[243/766] festus → date: 54ce-58ce source: https://www.jw.org/en/library/books/Insight-on-the-Scriptures/Festus/
[244/766] REMOVED: field — no dates found on page
[245/766] fig → date: 33ce source: https://www.jw.org/en/library/books/Insight-on-the-Scriptures/Fig/
[246/766] fire → date: 607bce-70ce source: https://www.jw.org/en/library/books/Insight-on-the-Scriptures/Fire/
[247/766] REMOVED: firstborn-firstling — no dates found on page
[248/766] firstfruits → date: 33ce source: https://www.jw.org/en/library/books/Insight-on-the-Scriptures/Firstfruits/
[249/766] REMOVED: fish — no dates found on page
[250/766] REMOVED: flesh — no dates found on page
[251/766] REMOVED: flood — no dates found on page
Checkpoint: 250 entries done.
[252/766] food → date: 33ce source: https://www.jw.org/en/library/books/Insight-on-the-Scriptures/Food/
[253/766] REMOVED: foot — no dates found on page
[254/766] REMOVED: forehead — no dates found on page
[255/766] foreigner → date: 33ce source: https://www.jw.org/en/library/books/Insight-on-the-Scriptures/Foreigner/
[256/766] foreknowledge-foreordination → date: 33ce source: https://www.jw.org/en/library/books/Insight-on-the-Scriptures/Foreknowledge-Foreordination/
[257/766] REMOVED: forgiveness — no dates found on page
[258/766] fornication → date: c.49ce source: https://www.jw.org/en/library/books/Insight-on-the-Scriptures/Fornication/
[259/766] REMOVED: foundation — no dates found on page
[260/766] REMOVED: fountain-spring — no dates found on page
[261/766] REMOVED: freedom — no dates found on page
[262/766] REMOVED: friend — no dates found on page
[263/766] REMOVED: furnace — no dates found on page
[264/766] galatia → date: c.277bce source: https://www.jw.org/en/library/books/Insight-on-the-Scriptures/Galatia/
[265/766] galilee → date: c.32ce source: https://www.jw.org/en/library/books/Insight-on-the-Scriptures/Galilee/
[266/766] REMOVED: gate-gateway — no dates found on page
[267/766] REMOVED: gatherings — 404 — page not found
[268/766] genealogy → date: 2370bce-c.64ce source: https://www.jw.org/en/library/books/Insight-on-the-Scriptures/Genealogy/
[269/766] generation → date: c.70ce source: https://www.jw.org/en/library/books/Insight-on-the-Scriptures/Generation/
[270/766] REMOVED: generosity — no dates found on page
[271/766] genesis-book-of → date: 1513bce-1657bce source: https://www.jw.org/en/library/books/Insight-on-the-Scriptures/Genesis-Book-Of/
[272/766] REMOVED: gennesaret — no dates found on page
[273/766] REMOVED: gentiles — no dates found on page
[274/766] gethsemane → date: 33ce-c.70ce source: https://www.jw.org/en/library/books/Insight-on-the-Scriptures/Gethsemane/
[275/766] REMOVED: gibeon-gibeonites — 404 — page not found
[276/766] REMOVED: gideon — no dates found on page
[277/766] REMOVED: gifts-presents — no dates found on page
[278/766] gifts-from-god → date: 33ce source: https://www.jw.org/en/library/books/Insight-on-the-Scriptures/Gifts-From-God/
[279/766] REMOVED: gifts-of-mercy — no dates found on page
[280/766] gilead → date: 997bce-759bce source: https://www.jw.org/en/library/books/Insight-on-the-Scriptures/Gilead/
[281/766] REMOVED: glory — no dates found on page
[282/766] REMOVED: goat — no dates found on page
[283/766] REMOVED: god — no dates found on page
[284/766] REMOVED: godly-devotion — no dates found on page
[285/766] gods-and-goddesses → date: 740bce-539bce source: https://www.jw.org/en/library/books/Insight-on-the-Scriptures/Gods-And-Goddesses/
[286/766] REMOVED: gog — no dates found on page
[287/766] REMOVED: gold — no dates found on page
[288/766] REMOVED: goliath — no dates found on page
[289/766] REMOVED: goodness — no dates found on page
[290/766] good-news → date: c.96ce source: https://www.jw.org/en/library/books/Insight-on-the-Scriptures/Good-News/
[291/766] REMOVED: gossip-slander — no dates found on page
[292/766] REMOVED: government — no dates found on page
[293/766] REMOVED: grafting — no dates found on page
[294/766] REMOVED: grave — no dates found on page
[295/766] REMOVED: great-crowd — no dates found on page
[296/766] greece-greeks → date: 146bce-64ce source: https://www.jw.org/en/library/books/Insight-on-the-Scriptures/Greece-Greeks/
[297/766] hades → date: 33ce source: https://www.jw.org/en/library/books/Insight-on-the-Scriptures/Hades/
[298/766] REMOVED: hagar — no dates found on page
[299/766] REMOVED: hair — no dates found on page
[300/766] REMOVED: hallelujah — no dates found on page
[301/766] REMOVED: haman — no dates found on page
Checkpoint: 300 entries done.
[302/766] REMOVED: hand — no dates found on page
[303/766] REMOVED: happiness — no dates found on page
[304/766] REMOVED: hare — no dates found on page
[305/766] REMOVED: harlot — no dates found on page
[306/766] REMOVED: har-magedon — no dates found on page
[307/766] REMOVED: harvest — no dates found on page
[308/766] REMOVED: hate — no dates found on page
[309/766] hazael → date: 905bce-845bce source: https://www.jw.org/en/library/books/Insight-on-the-Scriptures/Hazael/
[310/766] REMOVED: head — no dates found on page
[311/766] REMOVED: headdress — no dates found on page
[312/766] REMOVED: headship — no dates found on page
[313/766] healing → date: 33ce source: https://www.jw.org/en/library/books/Insight-on-the-Scriptures/Healing/
[314/766] REMOVED: heart — no dates found on page
[315/766] heaven → date: 607bce-33ce source: https://www.jw.org/en/library/books/Insight-on-the-Scriptures/Heaven/
[316/766] hebrews-letter-to-the → date: c.61ce-70ce source: https://www.jw.org/en/library/books/Insight-on-the-Scriptures/Hebrews-Letter-To-The/
[317/766] hebrew-scriptures → date: c.280bce source: https://www.jw.org/en/library/books/Insight-on-the-Scriptures/Hebrew-Scriptures/
[318/766] REMOVED: hell — no dates found on page
[319/766] REMOVED: hermon — no dates found on page
[320/766] herod-party-followers-of → date: 31ce source: https://www.jw.org/en/library/books/Insight-on-the-Scriptures/Herod-Party-Followers-Of/
[321/766] herodias → date: 32ce-38ce source: https://www.jw.org/en/library/books/Insight-on-the-Scriptures/Herodias/
[322/766] REMOVED: herodotus — 404 — page not found
[323/766] REMOVED: herods-temple — 404 — page not found
[324/766] REMOVED: herod-the-great — 404 — page not found
[325/766] hezekiah → date: 717bce-732bce source: https://www.jw.org/en/library/books/Insight-on-the-Scriptures/Hezekiah/
[326/766] REMOVED: high-places — no dates found on page
[327/766] high-priest → date: 70ce-607bce source: https://www.jw.org/en/library/books/Insight-on-the-Scriptures/High-Priest/
[328/766] REMOVED: highway-road — no dates found on page
[329/766] REMOVED: hinnom-valley-of — no dates found on page
[330/766] REMOVED: hire-wages — no dates found on page
[331/766] hittites → date: 905bce-537bce source: https://www.jw.org/en/library/books/Insight-on-the-Scriptures/Hittites/
[332/766] REMOVED: hobab — no dates found on page
[333/766] holiness → date: 537bce source: https://www.jw.org/en/library/books/Insight-on-the-Scriptures/Holiness/
[334/766] REMOVED: holy-spirit — no dates found on page
[335/766] REMOVED: honor — no dates found on page
[336/766] hope → date: 537bce source: https://www.jw.org/en/library/books/Insight-on-the-Scriptures/Hope/
[337/766] REMOVED: horse — no dates found on page
[338/766] hospitality → date: c.98ce-33ce source: https://www.jw.org/en/library/books/Insight-on-the-Scriptures/Hospitality/
[339/766] hour → date: 33ce source: https://www.jw.org/en/library/books/Insight-on-the-Scriptures/Hour/
[340/766] house → date: 33ce source: https://www.jw.org/en/library/books/Insight-on-the-Scriptures/House/
[341/766] REMOVED: humility — no dates found on page
[342/766] REMOVED: hunting-and-fishing — no dates found on page
[343/766] REMOVED: husband — no dates found on page
[344/766] REMOVED: hushai — no dates found on page
[345/766] idol-idolatry → date: 607bce source: https://www.jw.org/en/library/books/Insight-on-the-Scriptures/Idol-Idolatry/
[346/766] illustrations → date: 33ce source: https://www.jw.org/en/library/books/Insight-on-the-Scriptures/Illustrations/
[347/766] image → date: 607bce-331bce source: https://www.jw.org/en/library/books/Insight-on-the-Scriptures/Image/
[348/766] REMOVED: immortality — no dates found on page
[349/766] REMOVED: impalement — no dates found on page
[350/766] REMOVED: incense — no dates found on page
[351/766] REMOVED: industriousness — no dates found on page
Checkpoint: 350 entries done.
[352/766] inheritance → date: 537bce-70ce source: https://www.jw.org/en/library/books/Insight-on-the-Scriptures/Inheritance/
[353/766] REMOVED: insects — no dates found on page
[354/766] REMOVED: inspiration — no dates found on page
[355/766] installation → date: 1512bce source: https://www.jw.org/en/library/books/Insight-on-the-Scriptures/Installation/
[356/766] REMOVED: instruction — no dates found on page
[357/766] REMOVED: integrity — no dates found on page
[358/766] REMOVED: interest — no dates found on page
[359/766] isaac → date: 1513bce-1738bce source: https://www.jw.org/en/library/books/Insight-on-the-Scriptures/Isaac/
[360/766] REMOVED: island-isle — no dates found on page
[361/766] REMOVED: jachin — no dates found on page
[362/766] jacob → date: 1858bce-1711bce source: https://www.jw.org/en/library/books/Insight-on-the-Scriptures/Jacob/
[363/766] REMOVED: jailer — no dates found on page
[364/766] REMOVED: jealous-jealousy — no dates found on page
[365/766] REMOVED: jebus-jebusites — 404 — page not found
[366/766] jehovah → date: 537bce-384ce source: https://www.jw.org/en/library/books/Insight-on-the-Scriptures/Jehovah/
[367/766] jephthah → date: c.1173bce source: https://www.jw.org/en/library/books/Insight-on-the-Scriptures/Jephthah/
[368/766] jericho → date: 607bce-1473bce source: https://www.jw.org/en/library/books/Insight-on-the-Scriptures/Jericho/
[369/766] jeroboam → date: c.998bce-c.792bce source: https://www.jw.org/en/library/books/Insight-on-the-Scriptures/Jeroboam/
[370/766] jerusalem → date: 1070bce-70ce source: https://www.jw.org/en/library/books/Insight-on-the-Scriptures/Jerusalem/
[371/766] jesus-christ → date: c.29ce-12ce source: https://www.jw.org/en/library/books/Insight-on-the-Scriptures/Jesus-Christ/
[372/766] REMOVED: jewels-and-precious-stone — 404 — page not found
[373/766] job → date: 1657bce-c.1613bce source: https://www.jw.org/en/library/books/Insight-on-the-Scriptures/Job/
[374/766] john-good-news-according-to → date: c.44ce-c.98ce source: https://www.jw.org/en/library/books/Insight-on-the-Scriptures/John-Good-News-According-To/
[375/766] REMOVED: john-the-baptizer — 404 — page not found
[376/766] REMOVED: jonah — no dates found on page
[377/766] REMOVED: joppa — no dates found on page
[378/766] REMOVED: jordan — no dates found on page
[379/766] REMOVED: josephus — 404 — page not found
[380/766] joy → date: 537bce source: https://www.jw.org/en/library/books/Insight-on-the-Scriptures/Joy/
[381/766] jubilee → date: 1424bce-33ce source: https://www.jw.org/en/library/books/Insight-on-the-Scriptures/Jubilee/
[382/766] REMOVED: judaism — no dates found on page
[383/766] REMOVED: judas-iscariot — 404 — page not found
[384/766] judea → date: 66ce-70ce source: https://www.jw.org/en/library/books/Insight-on-the-Scriptures/Judea/
[385/766] REMOVED: judge — no dates found on page
[386/766] judgment-day → date: 539bce-70ce source: https://www.jw.org/en/library/books/Insight-on-the-Scriptures/Judgment-Day/
[387/766] REMOVED: judgment-seat — no dates found on page
[388/766] REMOVED: justice — no dates found on page
[389/766] REMOVED: justification — no dates found on page
[390/766] key → date: 33ce source: https://www.jw.org/en/library/books/Insight-on-the-Scriptures/Key/
[391/766] REMOVED: kindness — no dates found on page
[392/766] king → date: 740bce-607bce source: https://www.jw.org/en/library/books/Insight-on-the-Scriptures/King/
[393/766] kingdom → date: 607bce source: https://www.jw.org/en/library/books/Insight-on-the-Scriptures/Kingdom/
[394/766] kingdom-of-god → date: 1843bce-33ce source: https://www.jw.org/en/library/books/Insight-on-the-Scriptures/Kingdom-Of-God/
[395/766] REMOVED: knowledge — no dates found on page
[396/766] REMOVED: korah — no dates found on page
[397/766] lachish → date: 981bce-607bce source: https://www.jw.org/en/library/books/Insight-on-the-Scriptures/Lachish/
[398/766] REMOVED: lake-of-fire — no dates found on page
[399/766] lampstand → date: 1512bce-70ce source: https://www.jw.org/en/library/books/Insight-on-the-Scriptures/Lampstand/
[400/766] landowner → date: 537bce-33ce source: https://www.jw.org/en/library/books/Insight-on-the-Scriptures/Landowner/
[401/766] language → date: 732bce-33ce source: https://www.jw.org/en/library/books/Insight-on-the-Scriptures/Language/
Checkpoint: 400 entries done.
[402/766] REMOVED: laodicea — no dates found on page
[403/766] last-days → date: 29ce-70ce source: https://www.jw.org/en/library/books/Insight-on-the-Scriptures/Last-Days/
[404/766] law → date: 1513bce-33ce source: https://www.jw.org/en/library/books/Insight-on-the-Scriptures/Law/
[405/766] REMOVED: law-covenant — 404 — page not found
[406/766] REMOVED: lawlessness — no dates found on page
[407/766] leaven → date: 33ce source: https://www.jw.org/en/library/books/Insight-on-the-Scriptures/Leaven/
[408/766] REMOVED: lebanon — no dates found on page
[409/766] REMOVED: legal-case — no dates found on page
[410/766] REMOVED: letters — no dates found on page
[411/766] levites → date: 70ce source: https://www.jw.org/en/library/books/Insight-on-the-Scriptures/Levites/
[412/766] REMOVED: life — no dates found on page
[413/766] REMOVED: light — no dates found on page
[414/766] REMOVED: linen — no dates found on page
[415/766] lion → date: 537bce source: https://www.jw.org/en/library/books/Insight-on-the-Scriptures/Lion/
[416/766] REMOVED: liver — no dates found on page
[417/766] REMOVED: loan — no dates found on page
[418/766] REMOVED: logos — 404 — page not found
[419/766] REMOVED: lord — no dates found on page
[420/766] lords-evening-meal → date: 33ce-1513bce source: https://www.jw.org/en/library/books/Insight-on-the-Scriptures/Lords-Evening-Meal/
[421/766] REMOVED: love — no dates found on page
[422/766] REMOVED: loving-kindness — no dates found on page
[423/766] REMOVED: lowliness-of-mind — 404 — page not found
[424/766] loyalty → date: 33ce source: https://www.jw.org/en/library/books/Insight-on-the-Scriptures/Loyalty/
[425/766] luke → date: 33ce-61ce source: https://www.jw.org/en/library/books/Insight-on-the-Scriptures/Luke/
[426/766] luke-good-news-according-to → date: 170ce-58ce source: https://www.jw.org/en/library/books/Insight-on-the-Scriptures/Luke-Good-News-According-To/
[427/766] REMOVED: luminary — no dates found on page
[428/766] lystra → date: 49ce source: https://www.jw.org/en/library/books/Insight-on-the-Scriptures/Lystra/
[429/766] REMOVED: magic-and-sorcery — no dates found on page
[430/766] REMOVED: magog — no dates found on page
[431/766] maher-shalal-hash-baz → date: 740bce source: https://www.jw.org/en/library/books/Insight-on-the-Scriptures/Maher-Shalal-Hash-Baz/
[432/766] REMOVED: malcam — no dates found on page
[433/766] man → date: 4026bce source: https://www.jw.org/en/library/books/Insight-on-the-Scriptures/Man/
[434/766] REMOVED: manetho — 404 — page not found
[435/766] REMOVED: mankind — 404 — page not found
[436/766] REMOVED: man-of-lawlessness — no dates found on page
[437/766] REMOVED: manuscripts — 404 — page not found
[438/766] REMOVED: marketplace — no dates found on page
[439/766] REMOVED: marriage — no dates found on page
[440/766] matthew-good-news-according-to → date: 33ce-70ce source: https://www.jw.org/en/library/books/Insight-on-the-Scriptures/Matthew-Good-News-According-To/
[441/766] REMOVED: matthias — no dates found on page
[442/766] REMOVED: maturity — no dates found on page
[443/766] REMOVED: meal — no dates found on page
[444/766] medes-media → date: 877bce-33ce source: https://www.jw.org/en/library/books/Insight-on-the-Scriptures/Medes-Media/
[445/766] mediator → date: 1512bce-33ce source: https://www.jw.org/en/library/books/Insight-on-the-Scriptures/Mediator/
[446/766] REMOVED: meekness — no dates found on page
[447/766] REMOVED: meetings — 404 — page not found
[448/766] REMOVED: megiddo — no dates found on page
[449/766] melchizedek → date: 1933bce source: https://www.jw.org/en/library/books/Insight-on-the-Scriptures/Melchizedek/
[450/766] REMOVED: memorial — no dates found on page
[451/766] REMOVED: menstruation — no dates found on page
Checkpoint: 450 entries done.
[452/766] REMOVED: mercy — no dates found on page
[453/766] mesopotamia → date: 33ce source: https://www.jw.org/en/library/books/Insight-on-the-Scriptures/Mesopotamia/
[454/766] messiah → date: 70ce-744ce source: https://www.jw.org/en/library/books/Insight-on-the-Scriptures/Messiah/
[455/766] REMOVED: metals — no dates found on page
[456/766] REMOVED: mezuzah — no dates found on page
[457/766] REMOVED: mind — no dates found on page
[458/766] REMOVED: minister — no dates found on page
[459/766] REMOVED: ministry — no dates found on page
[460/766] miracles → date: 70ce source: https://www.jw.org/en/library/books/Insight-on-the-Scriptures/Miracles/
[461/766] REMOVED: miriam — no dates found on page
[462/766] REMOVED: moab-moabites — 404 — page not found
[463/766] REMOVED: molech — no dates found on page
[464/766] money → date: c.700bce source: https://www.jw.org/en/library/books/Insight-on-the-Scriptures/Money/
[465/766] REMOVED: morals — 404 — page not found
[466/766] REMOVED: moriah — no dates found on page
[467/766] moses → date: 1593bce-1473bce source: https://www.jw.org/en/library/books/Insight-on-the-Scriptures/Moses/
[468/766] REMOVED: mother — no dates found on page
[469/766] mount-mountain → date: 70ce source: https://www.jw.org/en/library/books/Insight-on-the-Scriptures/Mount-Mountain/
[470/766] REMOVED: mourning — no dates found on page
[471/766] REMOVED: murder — no dates found on page
[472/766] music → date: 70ce source: https://www.jw.org/en/library/books/Insight-on-the-Scriptures/Music/
[473/766] REMOVED: mustard — no dates found on page
[474/766] REMOVED: naaman — no dates found on page
[475/766] nabonidus → date: c.539bce-522bce source: https://www.jw.org/en/library/books/Insight-on-the-Scriptures/Nabonidus/
[476/766] REMOVED: naboth — no dates found on page
[477/766] nain → date: 31ce source: https://www.jw.org/en/library/books/Insight-on-the-Scriptures/Nain/
[478/766] REMOVED: name — no dates found on page
[479/766] nations → date: 33ce-36ce source: https://www.jw.org/en/library/books/Insight-on-the-Scriptures/Nations/
[480/766] REMOVED: nazareth — no dates found on page
[481/766] REMOVED: nebo-mount — 404 — page not found
[482/766] nebuchadnezzar → date: 582bce-588bce source: https://www.jw.org/en/library/books/Insight-on-the-Scriptures/Nebuchadnezzar/
[483/766] REMOVED: needles-eye — no dates found on page
[484/766] nehemiah → date: 455bce source: https://www.jw.org/en/library/books/Insight-on-the-Scriptures/Nehemiah/
[485/766] nehemiah-book-of → date: 455bce-443bce source: https://www.jw.org/en/library/books/Insight-on-the-Scriptures/Nehemiah-Book-Of/
[486/766] neighbor → date: 607bce source: https://www.jw.org/en/library/books/Insight-on-the-Scriptures/Neighbor/
[487/766] REMOVED: nephilim — no dates found on page
[488/766] REMOVED: nest — no dates found on page
[489/766] REMOVED: new-covenant — no dates found on page
[490/766] new-jerusalem → date: 70ce-537bce source: https://www.jw.org/en/library/books/Insight-on-the-Scriptures/New-Jerusalem/
[491/766] REMOVED: nile — no dates found on page
[492/766] nineveh → date: 625bce-632bce source: https://www.jw.org/en/library/books/Insight-on-the-Scriptures/Nineveh/
[494/766] REMOVED: oath — no dates found on page
[495/766] REMOVED: obedience — no dates found on page
[496/766] REMOVED: obeisance — no dates found on page
[497/766] offerings → date: 33ce source: https://www.jw.org/en/library/books/Insight-on-the-Scriptures/Offerings/
[498/766] REMOVED: oil — no dates found on page
[499/766] REMOVED: ointment-and-perfumes — no dates found on page
[500/766] REMOVED: older-man — no dates found on page
[501/766] REMOVED: olive — no dates found on page
Checkpoint: 500 entries done.
[502/766] REMOVED: only-begotten — no dates found on page
[503/766] REMOVED: ornaments — no dates found on page
[504/766] REMOVED: orphan — no dates found on page
[505/766] REMOVED: other-sheep — 404 — page not found
[506/766] REMOVED: overseer — no dates found on page
[507/766] REMOVED: palace — no dates found on page
[508/766] palestine → date: 638ce source: https://www.jw.org/en/library/books/Insight-on-the-Scriptures/Palestine/
[509/766] REMOVED: papyrus — no dates found on page
[510/766] paradise → date: 352bce source: https://www.jw.org/en/library/books/Insight-on-the-Scriptures/Paradise/
[511/766] parchment → date: c.190bce source: https://www.jw.org/en/library/books/Insight-on-the-Scriptures/Parchment/
[512/766] passover → date: 1513bce-1473bce source: https://www.jw.org/en/library/books/Insight-on-the-Scriptures/Passover/
[513/766] REMOVED: patriarchal-society — 404 — page not found
[514/766] paul → date: 36ce-33ce source: https://www.jw.org/en/library/books/Insight-on-the-Scriptures/Paul/
[515/766] peace → date: 70ce source: https://www.jw.org/en/library/books/Insight-on-the-Scriptures/Peace/
[516/766] REMOVED: pearl — no dates found on page
[517/766] pentateuch → date: 1657bce-c.1473bce source: https://www.jw.org/en/library/books/Insight-on-the-Scriptures/Pentateuch/
[518/766] pentecost → date: 33ce source: https://www.jw.org/en/library/books/Insight-on-the-Scriptures/Pentecost/
[519/766] REMOVED: perfection — no dates found on page
[520/766] REMOVED: perfume — no dates found on page
[521/766] pergamum → date: c.420bce-133bce source: https://www.jw.org/en/library/books/Insight-on-the-Scriptures/Pergamum/
[522/766] persecution → date: 33ce source: https://www.jw.org/en/library/books/Insight-on-the-Scriptures/Persecution/
[523/766] persia-persians → date: 550bce-331bce source: https://www.jw.org/en/library/books/Insight-on-the-Scriptures/Persia-Persians/
[524/766] peter → date: 33ce-49ce source: https://www.jw.org/en/library/books/Insight-on-the-Scriptures/Peter/
[525/766] pharaoh → date: 1473bce-1843bce source: https://www.jw.org/en/library/books/Insight-on-the-Scriptures/Pharaoh/
[526/766] REMOVED: pharisees — no dates found on page
[527/766] REMOVED: philistia-philistines — 404 — page not found
[528/766] REMOVED: philosophy — no dates found on page
[529/766] phoenicia → date: 31ce-c.58ce source: https://www.jw.org/en/library/books/Insight-on-the-Scriptures/Phoenicia/
[530/766] pilate → date: 26ce-37ce source: https://www.jw.org/en/library/books/Insight-on-the-Scriptures/Pilate/
[531/766] REMOVED: pity — no dates found on page
[532/766] REMOVED: plague — no dates found on page
[533/766] REMOVED: plants — 404 — page not found
[534/766] REMOVED: poor — no dates found on page
[535/766] REMOVED: power-powerful-works — no dates found on page
[536/766] REMOVED: praise — no dates found on page
[537/766] REMOVED: prayer — no dates found on page
[538/766] preacher-preaching → date: 33ce source: https://www.jw.org/en/library/books/Insight-on-the-Scriptures/Preacher-Preaching/
[539/766] REMOVED: predestination — 404 — page not found
[540/766] pregnancy → date: 70ce source: https://www.jw.org/en/library/books/Insight-on-the-Scriptures/Pregnancy/
[541/766] preparation → date: 33ce source: https://www.jw.org/en/library/books/Insight-on-the-Scriptures/Preparation/
[542/766] presence → date: 70ce source: https://www.jw.org/en/library/books/Insight-on-the-Scriptures/Presence/
[543/766] REMOVED: press — no dates found on page
[544/766] REMOVED: pride — no dates found on page
[545/766] priest → date: 1512bce-33ce source: https://www.jw.org/en/library/books/Insight-on-the-Scriptures/Priest/
[546/766] REMOVED: prison — no dates found on page
[547/766] REMOVED: prophecy — no dates found on page
[548/766] prophet → date: 33ce source: https://www.jw.org/en/library/books/Insight-on-the-Scriptures/Prophet/
[549/766] REMOVED: prophetic-patterns — 404 — page not found
[550/766] proselyte → date: c.125bce-36ce source: https://www.jw.org/en/library/books/Insight-on-the-Scriptures/Proselyte/
[551/766] REMOVED: prostitute — no dates found on page
Checkpoint: 550 entries done.
[552/766] proverbs-book-of → date: 717bce source: https://www.jw.org/en/library/books/Insight-on-the-Scriptures/Proverbs-Book-Of/
[553/766] psalms-book-of → date: 50ce source: https://www.jw.org/en/library/books/Insight-on-the-Scriptures/Psalms-Book-Of/
[554/766] purim → date: 484bce-31ce source: https://www.jw.org/en/library/books/Insight-on-the-Scriptures/Purim/
[555/766] REMOVED: quail — no dates found on page
[556/766] REMOVED: qualities — 404 — page not found
[557/766] REMOVED: quarrel — no dates found on page
[558/766] REMOVED: queen — no dates found on page
[559/766] quirinius → date: 21ce-c.49ce source: https://www.jw.org/en/library/books/Insight-on-the-Scriptures/Quirinius/
[560/766] REMOVED: raamses-rameses — 404 — page not found
[561/766] rachel → date: 1781bce source: https://www.jw.org/en/library/books/Insight-on-the-Scriptures/Rachel/
[562/766] rahab → date: 1473bce source: https://www.jw.org/en/library/books/Insight-on-the-Scriptures/Rahab/
[563/766] REMOVED: rain — no dates found on page
[564/766] REMOVED: rainbow — no dates found on page
[565/766] REMOVED: ransom — no dates found on page
[566/766] reading → date: 607bce source: https://www.jw.org/en/library/books/Insight-on-the-Scriptures/Reading/
[567/766] REMOVED: rebelliousness — no dates found on page
[568/766] REMOVED: reconciliation — no dates found on page
[569/766] REMOVED: re-creation — no dates found on page
[570/766] REMOVED: red-sea — no dates found on page
[571/766] REMOVED: relief — no dates found on page
[572/766] REMOVED: repentance — no dates found on page
[573/766] REMOVED: reproof — no dates found on page
[574/766] REMOVED: reptiles — no dates found on page
[575/766] REMOVED: repurchase-repurchaser — no dates found on page
[576/766] respect → date: 70ce source: https://www.jw.org/en/library/books/Insight-on-the-Scriptures/Respect/
[577/766] REMOVED: restoration — no dates found on page
[578/766] resurrection → date: 33ce source: https://www.jw.org/en/library/books/Insight-on-the-Scriptures/Resurrection/
[579/766] retribution → date: 539bce source: https://www.jw.org/en/library/books/Insight-on-the-Scriptures/Retribution/
[580/766] REMOVED: revelation — no dates found on page
[581/766] revelation-to-john → date: c.96ce source: https://www.jw.org/en/library/books/Insight-on-the-Scriptures/Revelation-To-John/
[582/766] REMOVED: reviling — no dates found on page
[583/766] REMOVED: riches — no dates found on page
[584/766] REMOVED: righteousness — no dates found on page
[585/766] REMOVED: river — no dates found on page
[586/766] rod-staff → date: 70ce source: https://www.jw.org/en/library/books/Insight-on-the-Scriptures/Rod-Staff/
[587/766] roman-empire → date: 70ce source: https://www.jw.org/en/library/books/Insight-on-the-Scriptures/Roman-Empire/
[588/766] rome → date: 753bce-c.65ce source: https://www.jw.org/en/library/books/Insight-on-the-Scriptures/Rome/
[589/766] REMOVED: ruler — no dates found on page
[590/766] sabbath-day → date: 1513bce-321ce source: https://www.jw.org/en/library/books/Insight-on-the-Scriptures/Sabbath-Day/
[591/766] sabbath-year → date: 1473bce source: https://www.jw.org/en/library/books/Insight-on-the-Scriptures/Sabbath-Year/
[592/766] sacred-secret → date: 36ce source: https://www.jw.org/en/library/books/Insight-on-the-Scriptures/Sacred-Secret/
[593/766] REMOVED: sacrifices — 404 — page not found
[594/766] salt → date: 198bce source: https://www.jw.org/en/library/books/Insight-on-the-Scriptures/Salt/
[595/766] salt-sea → date: 73ce source: https://www.jw.org/en/library/books/Insight-on-the-Scriptures/Salt-Sea/
[596/766] samaria → date: 742bce-740bce source: https://www.jw.org/en/library/books/Insight-on-the-Scriptures/Samaria/
[597/766] samaritan → date: 740bce-537bce source: https://www.jw.org/en/library/books/Insight-on-the-Scriptures/Samaritan/
[598/766] REMOVED: samson — no dates found on page
[599/766] REMOVED: samuel — no dates found on page
[600/766] REMOVED: sanctification — no dates found on page
[601/766] REMOVED: sanctuary — no dates found on page
Checkpoint: 600 entries done.
[602/766] REMOVED: sandal — no dates found on page
[603/766] REMOVED: sanhedrin — no dates found on page
[604/766] REMOVED: sarah — no dates found on page
[605/766] sardis → date: 334bce-17ce source: https://www.jw.org/en/library/books/Insight-on-the-Scriptures/Sardis/
[606/766] REMOVED: sargon — no dates found on page
[607/766] REMOVED: satan — no dates found on page
[608/766] REMOVED: saul — no dates found on page
[609/766] REMOVED: saul-of-tarsus — 404 — page not found
[610/766] REMOVED: scepter — no dates found on page
[611/766] REMOVED: school — no dates found on page
[612/766] REMOVED: scribe — no dates found on page
[613/766] REMOVED: scroll-roll — no dates found on page
[614/766] REMOVED: scythian — no dates found on page
[615/766] REMOVED: sea — no dates found on page
[616/766] REMOVED: sea-of-galilee — 404 — page not found
[617/766] REMOVED: secretary — no dates found on page
[618/766] seed → date: c.96ce-33ce source: https://www.jw.org/en/library/books/Insight-on-the-Scriptures/Seed/
[619/766] REMOVED: self-control — no dates found on page
[620/766] REMOVED: selfishness — 404 — page not found
[621/766] sennacherib → date: 732bce source: https://www.jw.org/en/library/books/Insight-on-the-Scriptures/Sennacherib/
[622/766] REMOVED: senses — 404 — page not found
[623/766] REMOVED: serpent-snake — no dates found on page
[624/766] seth → date: 2984bce source: https://www.jw.org/en/library/books/Insight-on-the-Scriptures/Seth/
[625/766] seventy-weeks → date: 537bce-175bce source: https://www.jw.org/en/library/books/Insight-on-the-Scriptures/Seventy-Weeks/
[626/766] REMOVED: sex — 404 — page not found
[627/766] REMOVED: shear-jashub — no dates found on page
[628/766] REMOVED: sheba — no dates found on page
[629/766] REMOVED: sheep — no dates found on page
[631/766] sheol → date: 33ce source: https://www.jw.org/en/library/books/Insight-on-the-Scriptures/Sheol/
[632/766] REMOVED: shepherd — no dates found on page
[633/766] shiloh → date: 607bce source: https://www.jw.org/en/library/books/Insight-on-the-Scriptures/Shiloh/
[634/766] REMOVED: shining-one — no dates found on page
[635/766] REMOVED: ship — no dates found on page
[636/766] shishak → date: 993bce source: https://www.jw.org/en/library/books/Insight-on-the-Scriptures/Shishak/
[637/766] REMOVED: shushan — no dates found on page
[638/766] sign → date: c.96ce source: https://www.jw.org/en/library/books/Insight-on-the-Scriptures/Sign/
[639/766] REMOVED: siloam — no dates found on page
[640/766] REMOVED: sin — no dates found on page
[641/766] REMOVED: sinai — no dates found on page
[642/766] REMOVED: singleness — no dates found on page
[643/766] sisera → date: 537bce source: https://www.jw.org/en/library/books/Insight-on-the-Scriptures/Sisera/
[644/766] REMOVED: skin — no dates found on page
[645/766] REMOVED: sky — no dates found on page
[646/766] REMOVED: slave — no dates found on page
[647/766] smyrna → date: c.580bce source: https://www.jw.org/en/library/books/Insight-on-the-Scriptures/Smyrna/
[648/766] REMOVED: social-gatherings — 404 — page not found
[649/766] sodom → date: c.96ce-70ce source: https://www.jw.org/en/library/books/Insight-on-the-Scriptures/Sodom/
[650/766] solomon → date: 998bce-1014bce source: https://www.jw.org/en/library/books/Insight-on-the-Scriptures/Solomon/
[651/766] REMOVED: solomons-temple — 404 — page not found
Checkpoint: 650 entries done.
[652/766] REMOVED: song — no dates found on page
[653/766] REMOVED: son-of-man — no dates found on page
[654/766] REMOVED: soul — no dates found on page
[655/766] REMOVED: sovereignty — no dates found on page
[656/766] REMOVED: sower-sowing — no dates found on page
[657/766] REMOVED: speech — no dates found on page
[658/766] REMOVED: spice — no dates found on page
[659/766] REMOVED: spirit — no dates found on page
[660/766] spiritism → date: 33ce source: https://www.jw.org/en/library/books/Insight-on-the-Scriptures/Spiritism/
[661/766] REMOVED: spiritual-temple — 404 — page not found
[662/766] REMOVED: star — no dates found on page
[663/766] REMOVED: steward — no dates found on page
[664/766] stoics → date: c.300bce-c.300ce source: https://www.jw.org/en/library/books/Insight-on-the-Scriptures/Stoics/
[665/766] REMOVED: stone — no dates found on page
[666/766] REMOVED: straw — no dates found on page
[667/766] REMOVED: street — no dates found on page
[668/766] REMOVED: strife — no dates found on page
[669/766] REMOVED: submissiveness — no dates found on page
[670/766] REMOVED: suffering — 404 — page not found
[671/766] REMOVED: superior-authorities — no dates found on page
[672/766] synagogue → date: 33ce source: https://www.jw.org/en/library/books/Insight-on-the-Scriptures/Synagogue/
[673/766] syria → date: c.46ce source: https://www.jw.org/en/library/books/Insight-on-the-Scriptures/Syria/
[674/766] systems-of-things → date: 33ce-73ce source: https://www.jw.org/en/library/books/Insight-on-the-Scriptures/Systems-Of-Things/
[675/766] tabernacle → date: 1512bce-105ce source: https://www.jw.org/en/library/books/Insight-on-the-Scriptures/Tabernacle/
[676/766] REMOVED: talent — no dates found on page
[677/766] REMOVED: taxation — no dates found on page
[678/766] REMOVED: tax-collector — no dates found on page
[679/766] teacher-teaching → date: 33ce source: https://www.jw.org/en/library/books/Insight-on-the-Scriptures/Teacher-Teaching/
[680/766] temple → date: 1034bce-593bce source: https://www.jw.org/en/library/books/Insight-on-the-Scriptures/Temple/
[681/766] REMOVED: ten-plagues — 404 — page not found
[682/766] REMOVED: ten-words — no dates found on page
[683/766] REMOVED: teraphim — no dates found on page
[684/766] thessalonica → date: c.50ce-315bce source: https://www.jw.org/en/library/books/Insight-on-the-Scriptures/Thessalonica/
[685/766] REMOVED: thigh — no dates found on page
[686/766] REMOVED: thinking-ability — no dates found on page
[687/766] REMOVED: thomas — no dates found on page
[688/766] REMOVED: threshing — no dates found on page
[689/766] REMOVED: throne — no dates found on page
[690/766] thyatira → date: 55ce source: https://www.jw.org/en/library/books/Insight-on-the-Scriptures/Thyatira/
[691/766] REMOVED: time-indefinite — no dates found on page
[692/766] REMOVED: time-of-the-end — no dates found on page
[693/766] REMOVED: time-periods — 404 — page not found
[694/766] tithe → date: 70ce-33ce source: https://www.jw.org/en/library/books/Insight-on-the-Scriptures/Tithe/
[695/766] REMOVED: titles — 404 — page not found
[696/766] REMOVED: toe — no dates found on page
[697/766] REMOVED: tongue — no dates found on page
[698/766] REMOVED: tools — 404 — page not found
[699/766] REMOVED: topheth — no dates found on page
[700/766] REMOVED: torment — no dates found on page
[701/766] REMOVED: torrent-valley — no dates found on page
Checkpoint: 700 entries done.
[702/766] REMOVED: torture-stake — no dates found on page
[703/766] tower → date: 778bce source: https://www.jw.org/en/library/books/Insight-on-the-Scriptures/Tower/
[704/766] REMOVED: tradition — no dates found on page
[705/766] REMOVED: training — 404 — page not found
[706/766] transfiguration → date: 32ce source: https://www.jw.org/en/library/books/Insight-on-the-Scriptures/Transfiguration/
[707/766] REMOVED: translations — 404 — page not found
[708/766] REMOVED: trap — no dates found on page
[709/766] REMOVED: trees — no dates found on page
[710/766] REMOVED: triads — 404 — page not found
[711/766] REMOVED: tribe — no dates found on page
[712/766] tribulation → date: 70ce source: https://www.jw.org/en/library/books/Insight-on-the-Scriptures/Tribulation/
[713/766] REMOVED: trumpet — no dates found on page
[714/766] truth → date: 33ce source: https://www.jw.org/en/library/books/Insight-on-the-Scriptures/Truth/
[715/766] REMOVED: turtledove — no dates found on page
[716/766] REMOVED: tyre — no dates found on page
[717/766] REMOVED: understanding — no dates found on page
[718/766] REMOVED: undeserved-kindness — no dates found on page
[719/766] REMOVED: ur — no dates found on page
[720/766] utensils → date: 537bce source: https://www.jw.org/en/library/books/Insight-on-the-Scriptures/Utensils/
[721/766] uzziah → date: 778bce source: https://www.jw.org/en/library/books/Insight-on-the-Scriptures/Uzziah/
[722/766] REMOVED: valley — no dates found on page
[723/766] REMOVED: vellum — 404 — page not found
[724/766] vengeance → date: 539bce-70ce source: https://www.jw.org/en/library/books/Insight-on-the-Scriptures/Vengeance/
[725/766] REMOVED: venom — no dates found on page
[726/766] versions → date: 740bce-724ce source: https://www.jw.org/en/library/books/Insight-on-the-Scriptures/Versions/
[727/766] REMOVED: vessels — no dates found on page
[728/766] vine → date: 1933bce source: https://www.jw.org/en/library/books/Insight-on-the-Scriptures/Vine/
[729/766] REMOVED: viper — no dates found on page
[730/766] REMOVED: virgin — no dates found on page
[731/766] vision → date: 36ce-33ce source: https://www.jw.org/en/library/books/Insight-on-the-Scriptures/Vision/
[732/766] REMOVED: vow — no dates found on page
[733/766] REMOVED: walking — 404 — page not found
[734/766] walls → date: 61ce source: https://www.jw.org/en/library/books/Insight-on-the-Scriptures/Walls/
[735/766] REMOVED: war — no dates found on page
[736/766] washing-of-feet → date: 33ce source: https://www.jw.org/en/library/books/Insight-on-the-Scriptures/Washing-Of-Feet/
[737/766] REMOVED: washing-of-hands — 404 — page not found
[738/766] REMOVED: watchman — no dates found on page
[739/766] water → date: 33ce source: https://www.jw.org/en/library/books/Insight-on-the-Scriptures/Water/
[740/766] REMOVED: weaving — no dates found on page
[741/766] REMOVED: week — no dates found on page
[742/766] REMOVED: weights-and-measures — no dates found on page
[743/766] REMOVED: wheat — no dates found on page
[744/766] REMOVED: wickedness — no dates found on page
[745/766] widow → date: 33ce source: https://www.jw.org/en/library/books/Insight-on-the-Scriptures/Widow/
[746/766] REMOVED: wife — no dates found on page
[747/766] REMOVED: wilderness — 404 — page not found
[748/766] REMOVED: wind — no dates found on page
[749/766] REMOVED: wine-and-strong-drink — no dates found on page
[750/766] REMOVED: wineskins — no dates found on page
[751/766] REMOVED: winnowing — no dates found on page
Checkpoint: 750 entries done.
[752/766] REMOVED: wisdom — no dates found on page
[753/766] woman → date: 33ce source: https://www.jw.org/en/library/books/Insight-on-the-Scriptures/Woman/
[754/766] REMOVED: wool — no dates found on page
[755/766] REMOVED: word-the — no dates found on page
[756/766] work → date: 607bce-70ce source: https://www.jw.org/en/library/books/Insight-on-the-Scriptures/Work/
[757/766] REMOVED: world — no dates found on page
[758/766] REMOVED: worship — no dates found on page
[759/766] writing → date: 2370bce source: https://www.jw.org/en/library/books/Insight-on-the-Scriptures/Writing/
[760/766] REMOVED: year — no dates found on page
[761/766] REMOVED: yoke — no dates found on page
[762/766] REMOVED: zeal — no dates found on page
[763/766] REMOVED: zebedee — no dates found on page
[764/766] zerubbabel → date: 537bce-515bce source: https://www.jw.org/en/library/books/Insight-on-the-Scriptures/Zerubbabel/
[765/766] REMOVED: zerubbabels-temple — 404 — page not found
[766/766] REMOVED: zion — no dates found on page

Written src/lib/dataset/insight.ts
Written src/lib/dataset/REMOVED.md

--- Summary ---
Updated: 273
Removed: 487
Skipped (already done): 6
Final entries: 279
